TN:
SF:bin.js
FN:10,(anonymous_0)
FN:38,(anonymous_1)
FNF:2
FNH:0
FNDA:0,(anonymous_0)
FNDA:0,(anonymous_1)
DA:2,1
DA:3,1
DA:4,1
DA:5,0
DA:6,1
DA:7,1
DA:9,0
DA:10,0
DA:11,0
DA:26,0
DA:27,0
DA:36,0
DA:39,0
DA:42,0
LF:14
LH:5
BRDA:4,0,0,0
BRDA:4,0,1,1
BRDA:6,1,0,1
BRDA:6,1,1,0
BRDA:9,2,0,0
BRDA:9,2,1,0
BRDA:9,3,0,0
BRDA:9,3,1,0
BRDA:10,4,0,0
BRDA:10,4,1,0
BRDA:16,5,0,0
BRDA:16,5,1,0
BRDA:17,6,0,0
BRDA:17,6,1,0
BRDA:19,7,0,0
BRDA:19,7,1,0
BRDA:20,8,0,0
BRDA:20,8,1,0
BRDA:21,9,0,0
BRDA:21,9,1,0
BRDA:22,10,0,0
BRDA:22,10,1,0
BRDA:24,11,0,0
BRDA:24,11,1,0
BRDA:26,12,0,0
BRDA:26,12,1,0
BRF:26
BRH:2
end_of_record
TN:
SF:txt2svg.js
FN:18,(anonymous_0)
FN:23,(anonymous_1)
FN:34,(anonymous_2)
FN:80,(anonymous_3)
FN:95,(anonymous_4)
FN:121,(anonymous_5)
FN:149,(anonymous_6)
FN:213,(anonymous_7)
FN:216,(anonymous_8)
FN:223,(anonymous_9)
FN:237,(anonymous_10)
FN:247,(anonymous_11)
FN:259,(anonymous_12)
FN:260,(anonymous_13)
FN:270,(anonymous_14)
FN:283,(anonymous_15)
FN:291,(anonymous_16)
FN:294,(anonymous_17)
FN:316,(anonymous_18)
FN:321,(anonymous_19)
FN:324,(anonymous_20)
FN:330,(anonymous_21)
FN:335,(anonymous_22)
FN:338,(anonymous_23)
FN:339,(anonymous_24)
FN:343,(anonymous_25)
FN:349,(anonymous_26)
FN:355,(anonymous_27)
FN:356,(anonymous_28)
FN:364,(anonymous_29)
FN:372,(anonymous_30)
FN:385,(anonymous_31)
FNF:32
FNH:12
FNDA:5,(anonymous_0)
FNDA:0,(anonymous_1)
FNDA:0,(anonymous_2)
FNDA:5,(anonymous_3)
FNDA:0,(anonymous_4)
FNDA:0,(anonymous_5)
FNDA:0,(anonymous_6)
FNDA:2,(anonymous_7)
FNDA:0,(anonymous_8)
FNDA:3,(anonymous_9)
FNDA:0,(anonymous_10)
FNDA:0,(anonymous_11)
FNDA:1,(anonymous_12)
FNDA:1,(anonymous_13)
FNDA:2,(anonymous_14)
FNDA:1,(anonymous_15)
FNDA:1,(anonymous_16)
FNDA:0,(anonymous_17)
FNDA:0,(anonymous_18)
FNDA:0,(anonymous_19)
FNDA:0,(anonymous_20)
FNDA:0,(anonymous_21)
FNDA:1,(anonymous_22)
FNDA:0,(anonymous_23)
FNDA:0,(anonymous_24)
FNDA:0,(anonymous_25)
FNDA:0,(anonymous_26)
FNDA:0,(anonymous_27)
FNDA:0,(anonymous_28)
FNDA:1,(anonymous_29)
FNDA:0,(anonymous_30)
FNDA:6,(anonymous_31)
DA:1,5
DA:2,5
DA:3,5
DA:4,5
DA:5,5
DA:6,5
DA:7,5
DA:8,5
DA:9,5
DA:10,5
DA:12,5
DA:14,5
DA:16,5
DA:18,5
DA:19,5
DA:20,2
DA:23,5
DA:24,0
DA:25,0
DA:26,0
DA:27,0
DA:34,5
DA:35,0
DA:36,0
DA:38,0
DA:40,0
DA:41,0
DA:42,0
DA:43,0
DA:44,0
DA:46,0
DA:48,0
DA:49,0
DA:50,0
DA:52,0
DA:53,0
DA:57,0
DA:58,0
DA:59,0
DA:60,0
DA:63,0
DA:64,0
DA:65,0
DA:69,0
DA:70,0
DA:74,0
DA:80,5
DA:81,5
DA:82,3
DA:85,2
DA:87,0
DA:88,0
DA:89,0
DA:90,0
DA:91,0
DA:93,0
DA:95,0
DA:96,0
DA:97,0
DA:101,0
DA:105,0
DA:106,0
DA:109,0
DA:111,0
DA:113,0
DA:114,0
DA:115,0
DA:116,0
DA:117,0
DA:119,0
DA:121,0
DA:122,0
DA:123,0
DA:124,0
DA:125,0
DA:126,0
DA:127,0
DA:128,0
DA:130,0
DA:131,0
DA:134,0
DA:135,0
DA:138,0
DA:139,0
DA:140,0
DA:143,0
DA:144,0
DA:148,0
DA:149,0
DA:150,0
DA:152,0
DA:153,0
DA:154,0
DA:155,0
DA:157,0
DA:158,0
DA:159,0
DA:161,0
DA:162,0
DA:165,0
DA:166,0
DA:174,0
DA:175,0
DA:176,0
DA:177,0
DA:178,0
DA:179,0
DA:180,0
DA:183,0
DA:184,0
DA:185,0
DA:188,0
DA:191,0
DA:192,0
DA:193,0
DA:194,0
DA:195,0
DA:196,0
DA:197,0
DA:199,0
DA:210,0
DA:213,5
DA:214,2
DA:215,2
DA:216,2
DA:217,0
DA:220,2
DA:223,5
DA:224,3
DA:225,3
DA:226,1
DA:227,0
DA:228,0
DA:230,0
DA:231,0
DA:232,0
DA:235,2
DA:236,1
DA:237,0
DA:238,0
DA:239,0
DA:241,0
DA:243,0
DA:246,1
DA:247,1
DA:248,0
DA:249,0
DA:250,0
DA:251,0
DA:256,3
DA:259,5
DA:260,1
DA:261,1
DA:262,1
DA:264,0
DA:265,0
DA:270,5
DA:272,2
DA:273,1
DA:275,1
DA:276,1
DA:277,0
DA:279,1
DA:283,1
DA:284,1
DA:285,0
DA:287,1
DA:288,0
DA:290,1
DA:291,1
DA:292,1
DA:293,1
DA:294,0
DA:295,0
DA:296,0
DA:297,0
DA:299,0
DA:301,0
DA:302,0
DA:306,1
DA:307,1
DA:309,0
DA:316,5
DA:317,0
DA:318,0
DA:321,5
DA:322,0
DA:324,0
DA:325,0
DA:326,0
DA:328,0
DA:331,0
DA:335,5
DA:336,1
DA:338,1
DA:339,0
DA:340,0
DA:342,0
DA:343,0
DA:344,0
DA:345,0
DA:346,0
DA:349,0
DA:350,0
DA:351,0
DA:356,0
DA:357,0
DA:358,0
DA:359,0
DA:362,0
DA:365,1
DA:366,1
DA:368,1
DA:372,5
DA:373,0
DA:374,0
DA:375,0
DA:380,0
DA:382,0
DA:385,5
DA:386,6
DA:387,6
DA:388,6
DA:390,6
LF:224
LH:69
BRDA:18,0,0,0
BRDA:19,1,0,3
BRDA:19,1,1,2
BRDA:19,2,0,5
BRDA:19,2,1,2
BRDA:19,2,2,2
BRDA:19,2,3,2
BRDA:19,2,4,2
BRDA:26,3,0,0
BRDA:26,3,1,0
BRDA:40,4,0,0
BRDA:40,4,1,0
BRDA:43,5,0,0
BRDA:43,5,1,0
BRDA:48,6,0,0
BRDA:48,6,1,0
BRDA:49,7,0,0
BRDA:49,7,1,0
BRDA:52,8,0,0
BRDA:52,8,1,0
BRDA:57,9,0,0
BRDA:57,9,1,0
BRDA:58,10,0,0
BRDA:58,10,1,0
BRDA:63,11,0,0
BRDA:63,11,1,0
BRDA:81,12,0,3
BRDA:81,12,1,2
BRDA:89,13,0,0
BRDA:89,13,1,0
BRDA:90,14,0,0
BRDA:90,14,1,0
BRDA:96,15,0,0
BRDA:96,15,1,0
BRDA:96,16,0,0
BRDA:96,16,1,0
BRDA:105,17,0,0
BRDA:105,17,1,0
BRDA:123,18,0,0
BRDA:123,18,1,0
BRDA:127,19,0,0
BRDA:127,19,1,0
BRDA:130,20,0,0
BRDA:130,20,1,0
BRDA:134,21,0,0
BRDA:134,21,1,0
BRDA:138,22,0,0
BRDA:138,22,1,0
BRDA:139,23,0,0
BRDA:139,23,1,0
BRDA:148,24,0,0
BRDA:148,24,1,0
BRDA:153,25,0,0
BRDA:153,25,1,0
BRDA:157,26,0,0
BRDA:157,26,1,0
BRDA:157,27,0,0
BRDA:157,27,1,0
BRDA:157,27,2,0
BRDA:157,27,3,0
BRDA:157,27,4,0
BRDA:157,27,5,0
BRDA:161,28,0,0
BRDA:161,28,1,0
BRDA:174,29,0,0
BRDA:174,29,1,0
BRDA:183,30,0,0
BRDA:183,30,1,0
BRDA:188,31,0,0
BRDA:188,31,1,0
BRDA:188,31,2,0
BRDA:188,31,3,0
BRDA:191,32,0,0
BRDA:191,32,1,0
BRDA:192,33,0,0
BRDA:192,33,1,0
BRDA:192,34,0,0
BRDA:192,34,1,0
BRDA:202,35,0,0
BRDA:202,35,1,0
BRDA:225,36,0,1
BRDA:225,36,1,2
BRDA:225,37,0,3
BRDA:225,37,1,2
BRDA:226,38,0,0
BRDA:226,38,1,1
BRDA:226,39,0,1
BRDA:226,39,1,0
BRDA:227,40,0,0
BRDA:227,40,1,0
BRDA:231,41,0,0
BRDA:231,41,1,0
BRDA:235,42,0,1
BRDA:235,42,1,1
BRDA:236,43,0,0
BRDA:236,43,1,1
BRDA:238,44,0,0
BRDA:238,44,1,0
BRDA:248,45,0,0
BRDA:248,45,1,0
BRDA:250,46,0,0
BRDA:250,46,1,0
BRDA:261,47,0,1
BRDA:261,47,1,0
BRDA:272,48,0,1
BRDA:272,48,1,1
BRDA:276,49,0,0
BRDA:276,49,1,1
BRDA:276,50,0,1
BRDA:276,50,1,0
BRDA:284,51,0,0
BRDA:284,51,1,1
BRDA:287,52,0,0
BRDA:287,52,1,1
BRDA:293,53,0,0
BRDA:293,53,1,1
BRDA:293,54,0,1
BRDA:293,54,1,0
BRDA:295,55,0,0
BRDA:295,55,1,0
BRDA:296,56,0,0
BRDA:296,56,1,0
BRDA:306,57,0,1
BRDA:306,57,1,0
BRDA:325,58,0,0
BRDA:325,58,1,0
BRDA:350,59,0,0
BRDA:350,59,1,0
BRDA:357,60,0,0
BRDA:357,60,1,0
BRDA:358,61,0,0
BRDA:358,61,1,0
BRDA:365,62,0,1
BRDA:365,62,1,0
BRDA:374,63,0,0
BRDA:374,63,1,0
BRDA:387,64,0,6
BRDA:387,64,1,0
BRF:138
BRH:30
end_of_record
